<?xml version="1.0" encoding="UTF-8"?>
<!-- Generated by org.testng.reporters.JUnitReportReporter -->
<testsuite hostname="Dream" failures="0" tests="2" name="test.GetApiTest" time="1.130" errors="0" timestamp="2023-02-11T12:36:24 MST" skipped="0">
  <testcase classname="test.GetApiTest" name="getTest" time="0.825"/>
  <system-out/>
  <testcase classname="test.GetApiTest" name="getApiTestWithHeader" time="0.305"/>
  <system-out/>
</testsuite> <!-- test.GetApiTest -->
