<?xml version="1.0" encoding="UTF-8"?>
<!-- Generated by org.testng.reporters.JUnitReportReporter -->
<testsuite hostname="Dream" failures="0" tests="1" name="test.PostApiTest" time="1.236" errors="0" timestamp="2023-02-11T13:15:05 MST" skipped="0">
  <testcase classname="test.PostApiTest" name="postApiTest" time="1.236"/>
  <system-out/>
</testsuite> <!-- test.PostApiTest -->
