<?xml version="1.0" encoding="UTF-8"?>
<!-- Generated by org.testng.reporters.JUnitReportReporter -->
<testsuite hostname="Dream" failures="0" tests="2" name="test.GetApiTest" time="1.330" errors="0" timestamp="2023-02-11T13:06:47 MST" skipped="0">
  <testcase classname="test.GetApiTest" name="getTest" time="1.063"/>
  <system-out/>
  <testcase classname="test.GetApiTest" name="getApiTestWithHeader" time="0.267"/>
  <system-out/>
</testsuite> <!-- test.GetApiTest -->
